{"level":"info","message":"⌛ Validating empanadas.wtest","timeElapsed":234,"timestamp":"2026-05-14T03:22:19.878Z"}
{"level":"info","message":"⌛ Building environment","timeElapsed":174,"timestamp":"2026-05-14T03:22:20.083Z"}
{"level":"info","message":"⌛ Validating empanadas.wtest","timeElapsed":282,"timestamp":"2026-05-14T03:22:20.388Z"}
{"level":"info","message":"⌛ Validating empanadas.wtest","timeElapsed":300,"timestamp":"2026-05-14T03:22:20.688Z"}
{"level":"info","message":"⌛ Validating empanadas.wtest","timeElapsed":302,"timestamp":"2026-05-14T03:22:21.022Z"}
{"level":"info","message":"⌛ Validating empanadas.wtest","timeElapsed":214,"timestamp":"2026-05-14T03:22:21.237Z"}
{"level":"info","message":"⌛ Validating empanadas.wtest","timeElapsed":168,"timestamp":"2026-05-14T03:22:21.412Z"}
{"level":"info","message":"⌛ Validating empanadas.wtest","timeElapsed":243,"timestamp":"2026-05-14T03:22:21.668Z"}
{"level":"info","message":"⌛ Validating empanadas.wtest","timeElapsed":252,"timestamp":"2026-05-14T03:22:21.921Z"}
{"level":"info","message":"⌛ Validating empanadas.wtest","timeElapsed":205,"timestamp":"2026-05-14T03:22:22.127Z"}
{"level":"info","message":"⌛ Validating empanadas.wtest","timeElapsed":441,"timestamp":"2026-05-14T03:22:22.593Z"}
{"level":"error","message":"✘ Failed to rebuild document Failed to parse empanadas.wtest: \n-- PARSING FAILED --------------------------------------------------\n\n  52 | \t    assert.equals(4, empanada1.masa())\n  53 |     }\n> 54 | }\n     | ^\n\nExpected one of the following: \n\n' ', '@', 'class', 'const', 'describe', 'mixin', 'object', 'only', 'package', 'program', 'test', 'var', '{', EOF, comment, not \"}\", whitespace\n","stack":"Error: Failed to parse empanadas.wtest: \n-- PARSING FAILED --------------------------------------------------\n\n  52 | \t    assert.equals(4, empanada1.masa())\n  53 |     }\n> 54 | }\n     | ^\n\nExpected one of the following: \n\n' ', '@', 'class', 'const', 'describe', 'mixin', 'object', 'only', 'package', 'program', 'test', 'var', '{', EOF, comment, not \"}\", whitespace\n\n    at c:\\Users\\enzom\\.vscode\\extensions\\uqbar.wollok-lsp-ide-0.5.4\\out\\server\\src\\server.js:2353:13026\n    at Array.map (<anonymous>)\n    at U1n (c:\\Users\\enzom\\.vscode\\extensions\\uqbar.wollok-lsp-ide-0.5.4\\out\\server\\src\\server.js:2353:12950)\n    at H2.buildEnvironmentFrom (c:\\Users\\enzom\\.vscode\\extensions\\uqbar.wollok-lsp-ide-0.5.4\\out\\server\\src\\server.js:2398:5254)\n    at H2.updateEnvironmentWith (c:\\Users\\enzom\\.vscode\\extensions\\uqbar.wollok-lsp-ide-0.5.4\\out\\server\\src\\server.js:2398:4989)\n    at GF (c:\\Users\\enzom\\.vscode\\extensions\\uqbar.wollok-lsp-ide-0.5.4\\out\\server\\src\\server.js:2398:7383)\n    at V3.invoke (c:\\Users\\enzom\\.vscode\\extensions\\uqbar.wollok-lsp-ide-0.5.4\\out\\server\\src\\server.js:3:157328)\n    at o.fire (c:\\Users\\enzom\\.vscode\\extensions\\uqbar.wollok-lsp-ide-0.5.4\\out\\server\\src\\server.js:3:158098)\n    at c:\\Users\\enzom\\.vscode\\extensions\\uqbar.wollok-lsp-ide-0.5.4\\out\\server\\src\\server.js:37:57871\n    at nd (c:\\Users\\enzom\\.vscode\\extensions\\uqbar.wollok-lsp-ide-0.5.4\\out\\server\\src\\server.js:8:1561)","timestamp":"2026-05-14T03:22:22.635Z"}
{"level":"error","message":"✘ Failed to rebuild document Failed to parse empanadas.wtest: \n-- PARSING FAILED --------------------------------------------------\n\n  53 | \t    assert.equals(4, empanada1.masa())\n  54 |     }\n> 55 | }\n     | ^\n\nExpected one of the following: \n\n' ', '@', 'class', 'const', 'describe', 'mixin', 'object', 'only', 'package', 'program', 'test', 'var', '{', EOF, comment, not \"}\", whitespace\n","stack":"Error: Failed to parse empanadas.wtest: \n-- PARSING FAILED --------------------------------------------------\n\n  53 | \t    assert.equals(4, empanada1.masa())\n  54 |     }\n> 55 | }\n     | ^\n\nExpected one of the following: \n\n' ', '@', 'class', 'const', 'describe', 'mixin', 'object', 'only', 'package', 'program', 'test', 'var', '{', EOF, comment, not \"}\", whitespace\n\n    at c:\\Users\\enzom\\.vscode\\extensions\\uqbar.wollok-lsp-ide-0.5.4\\out\\server\\src\\server.js:2353:13026\n    at Array.map (<anonymous>)\n    at U1n (c:\\Users\\enzom\\.vscode\\extensions\\uqbar.wollok-lsp-ide-0.5.4\\out\\server\\src\\server.js:2353:12950)\n    at H2.buildEnvironmentFrom (c:\\Users\\enzom\\.vscode\\extensions\\uqbar.wollok-lsp-ide-0.5.4\\out\\server\\src\\server.js:2398:5254)\n    at H2.updateEnvironmentWith (c:\\Users\\enzom\\.vscode\\extensions\\uqbar.wollok-lsp-ide-0.5.4\\out\\server\\src\\server.js:2398:4989)\n    at GF (c:\\Users\\enzom\\.vscode\\extensions\\uqbar.wollok-lsp-ide-0.5.4\\out\\server\\src\\server.js:2398:7383)\n    at V3.invoke (c:\\Users\\enzom\\.vscode\\extensions\\uqbar.wollok-lsp-ide-0.5.4\\out\\server\\src\\server.js:3:157328)\n    at o.fire (c:\\Users\\enzom\\.vscode\\extensions\\uqbar.wollok-lsp-ide-0.5.4\\out\\server\\src\\server.js:3:158098)\n    at c:\\Users\\enzom\\.vscode\\extensions\\uqbar.wollok-lsp-ide-0.5.4\\out\\server\\src\\server.js:37:57871\n    at nd (c:\\Users\\enzom\\.vscode\\extensions\\uqbar.wollok-lsp-ide-0.5.4\\out\\server\\src\\server.js:8:1561)","timestamp":"2026-05-14T03:22:22.654Z"}
{"level":"info","message":"⌛ Validating empanadas.wtest","timeElapsed":171,"timestamp":"2026-05-14T03:22:22.827Z"}
{"level":"error","message":"✘ Failed to rebuild document Failed to parse empanadas.wtest: \n-- PARSING FAILED --------------------------------------------------\n\n  53 | \t    assert.equals(4, empanada1.masa())\n  54 |     }\n> 55 | }\n     | ^\n\nExpected one of the following: \n\n' ', '@', 'class', 'const', 'describe', 'mixin', 'object', 'only', 'package', 'program', 'test', 'var', '{', EOF, comment, not \"}\", whitespace\n","stack":"Error: Failed to parse empanadas.wtest: \n-- PARSING FAILED --------------------------------------------------\n\n  53 | \t    assert.equals(4, empanada1.masa())\n  54 |     }\n> 55 | }\n     | ^\n\nExpected one of the following: \n\n' ', '@', 'class', 'const', 'describe', 'mixin', 'object', 'only', 'package', 'program', 'test', 'var', '{', EOF, comment, not \"}\", whitespace\n\n    at c:\\Users\\enzom\\.vscode\\extensions\\uqbar.wollok-lsp-ide-0.5.4\\out\\server\\src\\server.js:2353:13026\n    at Array.map (<anonymous>)\n    at U1n (c:\\Users\\enzom\\.vscode\\extensions\\uqbar.wollok-lsp-ide-0.5.4\\out\\server\\src\\server.js:2353:12950)\n    at H2.buildEnvironmentFrom (c:\\Users\\enzom\\.vscode\\extensions\\uqbar.wollok-lsp-ide-0.5.4\\out\\server\\src\\server.js:2398:5254)\n    at H2.updateEnvironmentWith (c:\\Users\\enzom\\.vscode\\extensions\\uqbar.wollok-lsp-ide-0.5.4\\out\\server\\src\\server.js:2398:4989)\n    at GF (c:\\Users\\enzom\\.vscode\\extensions\\uqbar.wollok-lsp-ide-0.5.4\\out\\server\\src\\server.js:2398:7383)\n    at V3.invoke (c:\\Users\\enzom\\.vscode\\extensions\\uqbar.wollok-lsp-ide-0.5.4\\out\\server\\src\\server.js:3:157328)\n    at o.fire (c:\\Users\\enzom\\.vscode\\extensions\\uqbar.wollok-lsp-ide-0.5.4\\out\\server\\src\\server.js:3:158098)\n    at c:\\Users\\enzom\\.vscode\\extensions\\uqbar.wollok-lsp-ide-0.5.4\\out\\server\\src\\server.js:37:57871\n    at nd (c:\\Users\\enzom\\.vscode\\extensions\\uqbar.wollok-lsp-ide-0.5.4\\out\\server\\src\\server.js:8:1561)","timestamp":"2026-05-14T03:22:22.848Z"}
{"level":"error","message":"✘ Failed to rebuild document Failed to parse empanadas.wtest: \n-- PARSING FAILED --------------------------------------------------\n\n  53 | \t    assert.equals(4, empanada1.masa())\n  54 |     }\n> 55 | }\n     | ^\n\nExpected one of the following: \n\n' ', '@', 'class', 'const', 'describe', 'mixin', 'object', 'only', 'package', 'program', 'test', 'var', '{', EOF, comment, not \"}\", whitespace\n","stack":"Error: Failed to parse empanadas.wtest: \n-- PARSING FAILED --------------------------------------------------\n\n  53 | \t    assert.equals(4, empanada1.masa())\n  54 |     }\n> 55 | }\n     | ^\n\nExpected one of the following: \n\n' ', '@', 'class', 'const', 'describe', 'mixin', 'object', 'only', 'package', 'program', 'test', 'var', '{', EOF, comment, not \"}\", whitespace\n\n    at c:\\Users\\enzom\\.vscode\\extensions\\uqbar.wollok-lsp-ide-0.5.4\\out\\server\\src\\server.js:2353:13026\n    at Array.map (<anonymous>)\n    at U1n (c:\\Users\\enzom\\.vscode\\extensions\\uqbar.wollok-lsp-ide-0.5.4\\out\\server\\src\\server.js:2353:12950)\n    at H2.buildEnvironmentFrom (c:\\Users\\enzom\\.vscode\\extensions\\uqbar.wollok-lsp-ide-0.5.4\\out\\server\\src\\server.js:2398:5254)\n    at H2.updateEnvironmentWith (c:\\Users\\enzom\\.vscode\\extensions\\uqbar.wollok-lsp-ide-0.5.4\\out\\server\\src\\server.js:2398:4989)\n    at GF (c:\\Users\\enzom\\.vscode\\extensions\\uqbar.wollok-lsp-ide-0.5.4\\out\\server\\src\\server.js:2398:7383)\n    at V3.invoke (c:\\Users\\enzom\\.vscode\\extensions\\uqbar.wollok-lsp-ide-0.5.4\\out\\server\\src\\server.js:3:157328)\n    at o.fire (c:\\Users\\enzom\\.vscode\\extensions\\uqbar.wollok-lsp-ide-0.5.4\\out\\server\\src\\server.js:3:158098)\n    at c:\\Users\\enzom\\.vscode\\extensions\\uqbar.wollok-lsp-ide-0.5.4\\out\\server\\src\\server.js:37:57871\n    at nd (c:\\Users\\enzom\\.vscode\\extensions\\uqbar.wollok-lsp-ide-0.5.4\\out\\server\\src\\server.js:8:1561)","timestamp":"2026-05-14T03:22:22.873Z"}
{"level":"info","message":"⌛ Validating empanadas.wtest","timeElapsed":285,"timestamp":"2026-05-14T03:22:23.159Z"}
{"level":"info","message":"⌛ Validating empanadas.wtest","timeElapsed":260,"timestamp":"2026-05-14T03:22:23.438Z"}
{"level":"error","message":"✘ Failed to rebuild document Failed to parse empanadas.wtest: \n-- PARSING FAILED --------------------------------------------------\n\n  52 | \t    assert.equals(4, empanada1.masa())\n  53 |     }\n> 54 | }\n     | ^\n\nExpected one of the following: \n\n' ', '@', 'class', 'const', 'describe', 'mixin', 'object', 'only', 'package', 'program', 'test', 'var', '{', EOF, comment, not \"}\", whitespace\n","stack":"Error: Failed to parse empanadas.wtest: \n-- PARSING FAILED --------------------------------------------------\n\n  52 | \t    assert.equals(4, empanada1.masa())\n  53 |     }\n> 54 | }\n     | ^\n\nExpected one of the following: \n\n' ', '@', 'class', 'const', 'describe', 'mixin', 'object', 'only', 'package', 'program', 'test', 'var', '{', EOF, comment, not \"}\", whitespace\n\n    at c:\\Users\\enzom\\.vscode\\extensions\\uqbar.wollok-lsp-ide-0.5.4\\out\\server\\src\\server.js:2353:13026\n    at Array.map (<anonymous>)\n    at U1n (c:\\Users\\enzom\\.vscode\\extensions\\uqbar.wollok-lsp-ide-0.5.4\\out\\server\\src\\server.js:2353:12950)\n    at H2.buildEnvironmentFrom (c:\\Users\\enzom\\.vscode\\extensions\\uqbar.wollok-lsp-ide-0.5.4\\out\\server\\src\\server.js:2398:5254)\n    at H2.updateEnvironmentWith (c:\\Users\\enzom\\.vscode\\extensions\\uqbar.wollok-lsp-ide-0.5.4\\out\\server\\src\\server.js:2398:4989)\n    at GF (c:\\Users\\enzom\\.vscode\\extensions\\uqbar.wollok-lsp-ide-0.5.4\\out\\server\\src\\server.js:2398:7383)\n    at V3.invoke (c:\\Users\\enzom\\.vscode\\extensions\\uqbar.wollok-lsp-ide-0.5.4\\out\\server\\src\\server.js:3:157328)\n    at o.fire (c:\\Users\\enzom\\.vscode\\extensions\\uqbar.wollok-lsp-ide-0.5.4\\out\\server\\src\\server.js:3:158098)\n    at c:\\Users\\enzom\\.vscode\\extensions\\uqbar.wollok-lsp-ide-0.5.4\\out\\server\\src\\server.js:37:57871\n    at nd (c:\\Users\\enzom\\.vscode\\extensions\\uqbar.wollok-lsp-ide-0.5.4\\out\\server\\src\\server.js:8:1561)","timestamp":"2026-05-14T03:22:23.453Z"}
{"level":"info","message":"⌛ Validating empanadas.wtest","timeElapsed":283,"timestamp":"2026-05-14T03:22:23.743Z"}
{"level":"error","message":"✘ Failed to rebuild document Failed to parse empanadas.wtest: \n-- PARSING FAILED --------------------------------------------------\n\n  53 | \t    assert.equals(4, empanada1.masa())\n  54 |     }\n> 55 | }\n     | ^\n\nExpected one of the following: \n\n' ', '@', 'class', 'const', 'describe', 'mixin', 'object', 'only', 'package', 'program', 'test', 'var', '{', EOF, comment, not \"}\", whitespace\n","stack":"Error: Failed to parse empanadas.wtest: \n-- PARSING FAILED --------------------------------------------------\n\n  53 | \t    assert.equals(4, empanada1.masa())\n  54 |     }\n> 55 | }\n     | ^\n\nExpected one of the following: \n\n' ', '@', 'class', 'const', 'describe', 'mixin', 'object', 'only', 'package', 'program', 'test', 'var', '{', EOF, comment, not \"}\", whitespace\n\n    at c:\\Users\\enzom\\.vscode\\extensions\\uqbar.wollok-lsp-ide-0.5.4\\out\\server\\src\\server.js:2353:13026\n    at Array.map (<anonymous>)\n    at U1n (c:\\Users\\enzom\\.vscode\\extensions\\uqbar.wollok-lsp-ide-0.5.4\\out\\server\\src\\server.js:2353:12950)\n    at H2.buildEnvironmentFrom (c:\\Users\\enzom\\.vscode\\extensions\\uqbar.wollok-lsp-ide-0.5.4\\out\\server\\src\\server.js:2398:5254)\n    at H2.updateEnvironmentWith (c:\\Users\\enzom\\.vscode\\extensions\\uqbar.wollok-lsp-ide-0.5.4\\out\\server\\src\\server.js:2398:4989)\n    at GF (c:\\Users\\enzom\\.vscode\\extensions\\uqbar.wollok-lsp-ide-0.5.4\\out\\server\\src\\server.js:2398:7383)\n    at V3.invoke (c:\\Users\\enzom\\.vscode\\extensions\\uqbar.wollok-lsp-ide-0.5.4\\out\\server\\src\\server.js:3:157328)\n    at o.fire (c:\\Users\\enzom\\.vscode\\extensions\\uqbar.wollok-lsp-ide-0.5.4\\out\\server\\src\\server.js:3:158098)\n    at c:\\Users\\enzom\\.vscode\\extensions\\uqbar.wollok-lsp-ide-0.5.4\\out\\server\\src\\server.js:37:57871\n    at nd (c:\\Users\\enzom\\.vscode\\extensions\\uqbar.wollok-lsp-ide-0.5.4\\out\\server\\src\\server.js:8:1561)","timestamp":"2026-05-14T03:22:23.771Z"}
{"level":"error","message":"✘ Failed to rebuild document Failed to parse empanadas.wtest: \n-- PARSING FAILED --------------------------------------------------\n\n  53 | \t    assert.equals(4, empanada1.masa())\n  54 |     }\n> 55 | }\n     | ^\n\nExpected one of the following: \n\n' ', '@', 'class', 'const', 'describe', 'mixin', 'object', 'only', 'package', 'program', 'test', 'var', '{', EOF, comment, not \"}\", whitespace\n","stack":"Error: Failed to parse empanadas.wtest: \n-- PARSING FAILED --------------------------------------------------\n\n  53 | \t    assert.equals(4, empanada1.masa())\n  54 |     }\n> 55 | }\n     | ^\n\nExpected one of the following: \n\n' ', '@', 'class', 'const', 'describe', 'mixin', 'object', 'only', 'package', 'program', 'test', 'var', '{', EOF, comment, not \"}\", whitespace\n\n    at c:\\Users\\enzom\\.vscode\\extensions\\uqbar.wollok-lsp-ide-0.5.4\\out\\server\\src\\server.js:2353:13026\n    at Array.map (<anonymous>)\n    at U1n (c:\\Users\\enzom\\.vscode\\extensions\\uqbar.wollok-lsp-ide-0.5.4\\out\\server\\src\\server.js:2353:12950)\n    at H2.buildEnvironmentFrom (c:\\Users\\enzom\\.vscode\\extensions\\uqbar.wollok-lsp-ide-0.5.4\\out\\server\\src\\server.js:2398:5254)\n    at H2.updateEnvironmentWith (c:\\Users\\enzom\\.vscode\\extensions\\uqbar.wollok-lsp-ide-0.5.4\\out\\server\\src\\server.js:2398:4989)\n    at GF (c:\\Users\\enzom\\.vscode\\extensions\\uqbar.wollok-lsp-ide-0.5.4\\out\\server\\src\\server.js:2398:7383)\n    at V3.invoke (c:\\Users\\enzom\\.vscode\\extensions\\uqbar.wollok-lsp-ide-0.5.4\\out\\server\\src\\server.js:3:157328)\n    at o.fire (c:\\Users\\enzom\\.vscode\\extensions\\uqbar.wollok-lsp-ide-0.5.4\\out\\server\\src\\server.js:3:158098)\n    at c:\\Users\\enzom\\.vscode\\extensions\\uqbar.wollok-lsp-ide-0.5.4\\out\\server\\src\\server.js:37:57871\n    at nd (c:\\Users\\enzom\\.vscode\\extensions\\uqbar.wollok-lsp-ide-0.5.4\\out\\server\\src\\server.js:8:1561)","timestamp":"2026-05-14T03:22:23.791Z"}
{"level":"info","message":"⌛ Validating empanadas.wtest","timeElapsed":164,"timestamp":"2026-05-14T03:22:23.956Z"}
{"level":"error","message":"✘ Failed to rebuild document Failed to parse empanadas.wtest: \n-- PARSING FAILED --------------------------------------------------\n\n  53 | \t    assert.equals(4, empanada1.masa())\n  54 |     }\n> 55 | }\n     | ^\n\nExpected one of the following: \n\n' ', '@', 'class', 'const', 'describe', 'mixin', 'object', 'only', 'package', 'program', 'test', 'var', '{', EOF, comment, not \"}\", whitespace\n","stack":"Error: Failed to parse empanadas.wtest: \n-- PARSING FAILED --------------------------------------------------\n\n  53 | \t    assert.equals(4, empanada1.masa())\n  54 |     }\n> 55 | }\n     | ^\n\nExpected one of the following: \n\n' ', '@', 'class', 'const', 'describe', 'mixin', 'object', 'only', 'package', 'program', 'test', 'var', '{', EOF, comment, not \"}\", whitespace\n\n    at c:\\Users\\enzom\\.vscode\\extensions\\uqbar.wollok-lsp-ide-0.5.4\\out\\server\\src\\server.js:2353:13026\n    at Array.map (<anonymous>)\n    at U1n (c:\\Users\\enzom\\.vscode\\extensions\\uqbar.wollok-lsp-ide-0.5.4\\out\\server\\src\\server.js:2353:12950)\n    at H2.buildEnvironmentFrom (c:\\Users\\enzom\\.vscode\\extensions\\uqbar.wollok-lsp-ide-0.5.4\\out\\server\\src\\server.js:2398:5254)\n    at H2.updateEnvironmentWith (c:\\Users\\enzom\\.vscode\\extensions\\uqbar.wollok-lsp-ide-0.5.4\\out\\server\\src\\server.js:2398:4989)\n    at GF (c:\\Users\\enzom\\.vscode\\extensions\\uqbar.wollok-lsp-ide-0.5.4\\out\\server\\src\\server.js:2398:7383)\n    at V3.invoke (c:\\Users\\enzom\\.vscode\\extensions\\uqbar.wollok-lsp-ide-0.5.4\\out\\server\\src\\server.js:3:157328)\n    at o.fire (c:\\Users\\enzom\\.vscode\\extensions\\uqbar.wollok-lsp-ide-0.5.4\\out\\server\\src\\server.js:3:158098)\n    at c:\\Users\\enzom\\.vscode\\extensions\\uqbar.wollok-lsp-ide-0.5.4\\out\\server\\src\\server.js:37:57871\n    at nd (c:\\Users\\enzom\\.vscode\\extensions\\uqbar.wollok-lsp-ide-0.5.4\\out\\server\\src\\server.js:8:1561)","timestamp":"2026-05-14T03:22:23.995Z"}
{"level":"info","message":"⌛ Validating empanadas.wtest","timeElapsed":157,"timestamp":"2026-05-14T03:22:24.160Z"}
{"level":"error","message":"✘ Failed to rebuild document Failed to parse empanadas.wtest: \n-- PARSING FAILED --------------------------------------------------\n\n  52 | \t    assert.equals(4, empanada1.masa())\n  53 |     }\n> 54 | }\n     | ^\n\nExpected one of the following: \n\n' ', '@', 'class', 'const', 'describe', 'mixin', 'object', 'only', 'package', 'program', 'test', 'var', '{', EOF, comment, not \"}\", whitespace\n","stack":"Error: Failed to parse empanadas.wtest: \n-- PARSING FAILED --------------------------------------------------\n\n  52 | \t    assert.equals(4, empanada1.masa())\n  53 |     }\n> 54 | }\n     | ^\n\nExpected one of the following: \n\n' ', '@', 'class', 'const', 'describe', 'mixin', 'object', 'only', 'package', 'program', 'test', 'var', '{', EOF, comment, not \"}\", whitespace\n\n    at c:\\Users\\enzom\\.vscode\\extensions\\uqbar.wollok-lsp-ide-0.5.4\\out\\server\\src\\server.js:2353:13026\n    at Array.map (<anonymous>)\n    at U1n (c:\\Users\\enzom\\.vscode\\extensions\\uqbar.wollok-lsp-ide-0.5.4\\out\\server\\src\\server.js:2353:12950)\n    at H2.buildEnvironmentFrom (c:\\Users\\enzom\\.vscode\\extensions\\uqbar.wollok-lsp-ide-0.5.4\\out\\server\\src\\server.js:2398:5254)\n    at H2.updateEnvironmentWith (c:\\Users\\enzom\\.vscode\\extensions\\uqbar.wollok-lsp-ide-0.5.4\\out\\server\\src\\server.js:2398:4989)\n    at GF (c:\\Users\\enzom\\.vscode\\extensions\\uqbar.wollok-lsp-ide-0.5.4\\out\\server\\src\\server.js:2398:7383)\n    at V3.invoke (c:\\Users\\enzom\\.vscode\\extensions\\uqbar.wollok-lsp-ide-0.5.4\\out\\server\\src\\server.js:3:157328)\n    at o.fire (c:\\Users\\enzom\\.vscode\\extensions\\uqbar.wollok-lsp-ide-0.5.4\\out\\server\\src\\server.js:3:158098)\n    at c:\\Users\\enzom\\.vscode\\extensions\\uqbar.wollok-lsp-ide-0.5.4\\out\\server\\src\\server.js:37:57871\n    at nd (c:\\Users\\enzom\\.vscode\\extensions\\uqbar.wollok-lsp-ide-0.5.4\\out\\server\\src\\server.js:8:1561)","timestamp":"2026-05-14T03:22:24.189Z"}
{"level":"info","message":"⌛ Validating empanadas.wtest","timeElapsed":200,"timestamp":"2026-05-14T03:22:24.390Z"}
{"level":"info","message":"⌛ Building environment","timeElapsed":320,"timestamp":"2026-05-14T03:22:24.711Z"}
{"level":"info","message":"⌛ Validating empanadas.wtest","timeElapsed":324,"timestamp":"2026-05-14T03:22:25.069Z"}
{"level":"info","message":"⌛ Building environment","timeElapsed":156,"timestamp":"2026-05-14T03:22:25.228Z"}
{"level":"info","message":"⌛ Validating empanadas.wtest","timeElapsed":198,"timestamp":"2026-05-14T03:22:25.439Z"}
{"level":"info","message":"⌛ Validating empanadas.wtest","timeElapsed":374,"timestamp":"2026-05-14T03:22:25.835Z"}
{"level":"info","message":"⌛ Validating empanadas.wtest","timeElapsed":157,"timestamp":"2026-05-14T03:22:25.995Z"}
{"level":"info","message":"⌛ Validating empanadas.wtest","timeElapsed":216,"timestamp":"2026-05-14T03:22:26.216Z"}
{"level":"info","message":"⌛ Building environment","timeElapsed":374,"timestamp":"2026-05-14T03:22:26.612Z"}
{"level":"info","message":"⌛ Validating empanadas.wtest","timeElapsed":317,"timestamp":"2026-05-14T03:22:26.966Z"}
{"level":"info","message":"⌛ Building environment","timeElapsed":198,"timestamp":"2026-05-14T03:22:27.173Z"}
{"level":"info","message":"⌛ Building environment","timeElapsed":112,"timestamp":"2026-05-14T03:22:27.293Z"}
{"level":"info","message":"⌛ Validating empanadas.wtest","timeElapsed":150,"timestamp":"2026-05-14T03:22:27.515Z"}
{"level":"info","message":"⌛ Building environment","timeElapsed":107,"timestamp":"2026-05-14T03:22:27.622Z"}
{"level":"info","message":"⌛ Validating empanadas.wtest","timeElapsed":258,"timestamp":"2026-05-14T03:22:27.882Z"}
{"level":"info","message":"⌛ Validating empanadas.wtest","timeElapsed":178,"timestamp":"2026-05-14T03:22:28.067Z"}
{"level":"info","message":"⌛ Building environment","timeElapsed":142,"timestamp":"2026-05-14T03:22:28.267Z"}
{"level":"info","message":"⌛ Validating empanadas.wtest","timeElapsed":129,"timestamp":"2026-05-14T03:22:28.401Z"}
{"level":"info","message":"⌛ Validating empanadas.wtest","timeElapsed":129,"timestamp":"2026-05-14T03:22:28.531Z"}
{"level":"info","message":"⌛ Validating empanadas.wtest","timeElapsed":171,"timestamp":"2026-05-14T03:22:28.702Z"}
{"level":"info","message":"⌛ Validating empanadas.wtest","timeElapsed":287,"timestamp":"2026-05-14T03:22:28.991Z"}
{"level":"info","message":"⌛ Validating empanadas.wtest","timeElapsed":166,"timestamp":"2026-05-14T03:22:29.158Z"}
{"level":"info","message":"⌛ Validating empanadas.wtest","timeElapsed":244,"timestamp":"2026-05-14T03:22:29.402Z"}
{"level":"info","message":"⌛ Validating empanadas.wtest","timeElapsed":117,"timestamp":"2026-05-14T03:22:29.543Z"}
{"level":"info","message":"⌛ Validating empanadas.wtest","timeElapsed":249,"timestamp":"2026-05-14T03:22:29.817Z"}
{"level":"info","message":"⌛ Validating empanadas.wtest","timeElapsed":282,"timestamp":"2026-05-14T03:22:30.100Z"}
{"level":"info","message":"⌛ Validating empanadas.wtest","timeElapsed":162,"timestamp":"2026-05-14T03:22:30.333Z"}
{"level":"info","message":"⌛ Validating empanadas.wtest","timeElapsed":140,"timestamp":"2026-05-14T03:22:30.475Z"}
{"level":"info","message":"⌛ Validating empanadas.wtest","timeElapsed":195,"timestamp":"2026-05-14T03:22:30.671Z"}
{"level":"info","message":"⌛ Validating empanadas.wtest","timeElapsed":249,"timestamp":"2026-05-14T03:22:30.920Z"}
{"level":"info","message":"⌛ Validating empanadas.wtest","timeElapsed":158,"timestamp":"2026-05-14T03:22:31.079Z"}
{"level":"info","message":"⌛ Validating empanadas.wtest","timeElapsed":163,"timestamp":"2026-05-14T03:22:31.243Z"}
{"level":"info","message":"⌛ Validating empanadas.wtest","timeElapsed":167,"timestamp":"2026-05-14T03:22:31.415Z"}
{"level":"info","message":"⌛ Building environment","timeElapsed":233,"timestamp":"2026-05-14T03:22:41.860Z"}
{"level":"info","message":"⌛ Validating empanadas.wtest","timeElapsed":453,"timestamp":"2026-05-14T03:22:42.318Z"}
{"level":"info","message":"⌛ Building environment","timeElapsed":269,"timestamp":"2026-05-14T03:22:49.029Z"}
{"level":"info","message":"⌛ Building environment","timeElapsed":239,"timestamp":"2026-05-14T03:22:49.279Z"}
{"level":"info","message":"⌛ Validating horno.wlk","timeElapsed":443,"timestamp":"2026-05-14T03:22:49.742Z"}
{"level":"info","message":"⌛ Validating empanadas.wtest","timeElapsed":225,"timestamp":"2026-05-14T03:22:49.983Z"}
{"level":"info","message":"⌛ Building environment","timeElapsed":115,"timestamp":"2026-05-14T03:22:50.099Z"}
{"level":"info","message":"⌛ Building environment","timeElapsed":174,"timestamp":"2026-05-14T03:22:50.275Z"}
{"level":"info","message":"⌛ Validating empanadas.wtest","timeElapsed":264,"timestamp":"2026-05-14T03:22:50.540Z"}
{"level":"info","message":"⌛ Building environment","timeElapsed":115,"timestamp":"2026-05-14T03:22:50.657Z"}
{"level":"info","message":"⌛ Validating empanadas.wtest","timeElapsed":178,"timestamp":"2026-05-14T03:22:50.854Z"}
{"level":"info","message":"⌛ Validating empanadas.wtest","timeElapsed":213,"timestamp":"2026-05-14T03:22:51.077Z"}
{"level":"info","message":"⌛ Building environment","timeElapsed":259,"timestamp":"2026-05-14T03:22:52.894Z"}
{"level":"info","message":"⌛ Validating empanadas.wtest","timeElapsed":240,"timestamp":"2026-05-14T03:22:53.196Z"}
{"level":"info","message":"⌛ Building environment","timeElapsed":188,"timestamp":"2026-05-14T03:22:53.487Z"}
{"level":"error","message":"✘ Completions for node Send ([55:23, 55:39] - empanadas.wtest) failed: Error: [Send]{c34a61} at empanadas.wtest:55 exhausted all cases without a match [Send]{c34a61} at empanadas.wtest:55 exhausted all cases without a match","stack":"Error: [Send]{c34a61} at empanadas.wtest:55 exhausted all cases without a match\n    at c:\\Users\\enzom\\.vscode\\extensions\\uqbar.wollok-lsp-ide-0.5.4\\out\\server\\src\\server.js:38:6142\n    at L2 (c:\\Users\\enzom\\.vscode\\extensions\\uqbar.wollok-lsp-ide-0.5.4\\out\\server\\src\\server.js:2389:42)\n    at Jh (c:\\Users\\enzom\\.vscode\\extensions\\uqbar.wollok-lsp-ide-0.5.4\\out\\server\\src\\server.js:2389:1092)\n    at M5n (c:\\Users\\enzom\\.vscode\\extensions\\uqbar.wollok-lsp-ide-0.5.4\\out\\server\\src\\server.js:2389:1248)\n    at c:\\Users\\enzom\\.vscode\\extensions\\uqbar.wollok-lsp-ide-0.5.4\\out\\server\\src\\server.js:38:6131\n    at L2 (c:\\Users\\enzom\\.vscode\\extensions\\uqbar.wollok-lsp-ide-0.5.4\\out\\server\\src\\server.js:2389:42)\n    at c:\\Users\\enzom\\.vscode\\extensions\\uqbar.wollok-lsp-ide-0.5.4\\out\\server\\src\\server.js:2389:2988\n    at c:\\Users\\enzom\\.vscode\\extensions\\uqbar.wollok-lsp-ide-0.5.4\\out\\server\\src\\server.js:2398:8440\n    at c:\\Users\\enzom\\.vscode\\extensions\\uqbar.wollok-lsp-ide-0.5.4\\out\\server\\src\\server.js:37:74872\n    at Ke (c:\\Users\\enzom\\.vscode\\extensions\\uqbar.wollok-lsp-ide-0.5.4\\out\\server\\src\\server.js:7:8527)","timestamp":"2026-05-14T03:22:53.548Z"}
{"level":"error","message":"✘ Completions for node Send ([55:5, 55:40] - empanadas.wtest) failed: Error: [Send]{26235e} at empanadas.wtest:55 exhausted all cases without a match [Send]{26235e} at empanadas.wtest:55 exhausted all cases without a match","stack":"Error: [Send]{26235e} at empanadas.wtest:55 exhausted all cases without a match\n    at c:\\Users\\enzom\\.vscode\\extensions\\uqbar.wollok-lsp-ide-0.5.4\\out\\server\\src\\server.js:38:6142\n    at L2 (c:\\Users\\enzom\\.vscode\\extensions\\uqbar.wollok-lsp-ide-0.5.4\\out\\server\\src\\server.js:2389:42)\n    at Jh (c:\\Users\\enzom\\.vscode\\extensions\\uqbar.wollok-lsp-ide-0.5.4\\out\\server\\src\\server.js:2389:1092)\n    at L2 (c:\\Users\\enzom\\.vscode\\extensions\\uqbar.wollok-lsp-ide-0.5.4\\out\\server\\src\\server.js:2389:544)\n    at Jh (c:\\Users\\enzom\\.vscode\\extensions\\uqbar.wollok-lsp-ide-0.5.4\\out\\server\\src\\server.js:2389:1092)\n    at M5n (c:\\Users\\enzom\\.vscode\\extensions\\uqbar.wollok-lsp-ide-0.5.4\\out\\server\\src\\server.js:2389:1248)\n    at c:\\Users\\enzom\\.vscode\\extensions\\uqbar.wollok-lsp-ide-0.5.4\\out\\server\\src\\server.js:38:6131\n    at L2 (c:\\Users\\enzom\\.vscode\\extensions\\uqbar.wollok-lsp-ide-0.5.4\\out\\server\\src\\server.js:2389:42)\n    at c:\\Users\\enzom\\.vscode\\extensions\\uqbar.wollok-lsp-ide-0.5.4\\out\\server\\src\\server.js:2389:2988\n    at c:\\Users\\enzom\\.vscode\\extensions\\uqbar.wollok-lsp-ide-0.5.4\\out\\server\\src\\server.js:2398:8440","timestamp":"2026-05-14T03:22:53.550Z"}
{"level":"info","message":"⌛ Validating empanadas.wtest","timeElapsed":204,"timestamp":"2026-05-14T03:22:53.759Z"}
{"level":"info","message":"⌛ Building environment","timeElapsed":131,"timestamp":"2026-05-14T03:22:53.891Z"}
{"level":"info","message":"⌛ Building environment","timeElapsed":246,"timestamp":"2026-05-14T03:22:54.139Z"}
{"level":"info","message":"⌛ Building environment","timeElapsed":121,"timestamp":"2026-05-14T03:22:54.262Z"}
{"level":"info","message":"⌛ Validating empanadas.wtest","timeElapsed":322,"timestamp":"2026-05-14T03:22:54.587Z"}
{"level":"info","message":"⌛ Building environment","timeElapsed":104,"timestamp":"2026-05-14T03:22:54.694Z"}
{"level":"info","message":"⌛ Validating empanadas.wtest","timeElapsed":205,"timestamp":"2026-05-14T03:22:54.909Z"}
{"level":"info","message":"⌛ Validating empanadas.wtest","timeElapsed":146,"timestamp":"2026-05-14T03:22:55.055Z"}
{"level":"info","message":"⌛ Building environment","timeElapsed":187,"timestamp":"2026-05-14T03:22:55.250Z"}
{"level":"info","message":"⌛ Validating empanadas.wtest","timeElapsed":206,"timestamp":"2026-05-14T03:22:55.471Z"}
{"level":"info","message":"⌛ Building environment","timeElapsed":112,"timestamp":"2026-05-14T03:22:55.584Z"}
{"level":"info","message":"⌛ Validating empanadas.wtest","timeElapsed":337,"timestamp":"2026-05-14T03:22:55.934Z"}
{"level":"info","message":"⌛ Validating empanadas.wtest","timeElapsed":301,"timestamp":"2026-05-14T03:22:56.249Z"}
{"level":"info","message":"⌛ Building environment","timeElapsed":264,"timestamp":"2026-05-14T03:23:01.572Z"}
{"level":"info","message":"⌛ Validating horno.wlk","timeElapsed":214,"timestamp":"2026-05-14T03:23:01.816Z"}
{"level":"info","message":"🧪 Test runner executed on c:\\Users\\enzom\\Documents\\Github\\Mama-s-empanaderia","result":{"errored":0,"failed":0,"ok":1},"testsFailed":[],"timeElapsed":1726,"timestamp":"2026-05-14T03:23:09.001Z"}
{"level":"info","message":"⌛ Building environment","timeElapsed":242,"timestamp":"2026-05-14T03:23:31.045Z"}
{"level":"info","message":"⌛ Validating empanadas.wtest","timeElapsed":291,"timestamp":"2026-05-14T03:23:31.338Z"}
{"level":"info","message":"⌛ Building environment","timeElapsed":146,"timestamp":"2026-05-14T03:23:31.532Z"}
{"level":"info","message":"⌛ Building environment","timeElapsed":212,"timestamp":"2026-05-14T03:23:31.752Z"}
{"level":"info","message":"⌛ Building environment","timeElapsed":120,"timestamp":"2026-05-14T03:23:31.945Z"}
{"level":"info","message":"⌛ Validating empanadas.wtest","timeElapsed":280,"timestamp":"2026-05-14T03:23:32.226Z"}
{"level":"info","message":"⌛ Validating empanadas.wtest","timeElapsed":263,"timestamp":"2026-05-14T03:23:32.517Z"}
{"level":"info","message":"⌛ Validating empanadas.wtest","timeElapsed":169,"timestamp":"2026-05-14T03:23:32.688Z"}
{"level":"info","message":"⌛ Building environment","timeElapsed":292,"timestamp":"2026-05-14T03:23:32.986Z"}
{"level":"info","message":"⌛ Validating empanadas.wtest","timeElapsed":140,"timestamp":"2026-05-14T03:23:33.149Z"}
{"level":"info","message":"⌛ Building environment","timeElapsed":372,"timestamp":"2026-05-14T03:32:28.719Z"}
{"level":"info","message":"⌛ Validating empanadas.wtest","timeElapsed":193,"timestamp":"2026-05-14T03:32:29.001Z"}
{"level":"info","message":"⌛ Building environment","timeElapsed":244,"timestamp":"2026-05-14T03:32:29.246Z"}
{"level":"info","message":"⌛ Validating empanadas.wtest","timeElapsed":231,"timestamp":"2026-05-14T03:32:29.485Z"}
{"level":"info","message":"⌛ Building environment","timeElapsed":261,"timestamp":"2026-05-14T03:32:31.586Z"}
{"level":"info","message":"⌛ Validating empanadas.wtest","timeElapsed":251,"timestamp":"2026-05-14T03:32:31.853Z"}
{"level":"info","message":"⌛ Building environment","timeElapsed":272,"timestamp":"2026-05-14T03:32:44.110Z"}
{"level":"info","message":"⌛ Building environment","timeElapsed":172,"timestamp":"2026-05-14T03:32:44.283Z"}
{"level":"info","message":"⌛ Validating empanadas.wtest","timeElapsed":311,"timestamp":"2026-05-14T03:32:44.658Z"}
{"level":"info","message":"⌛ Building environment","timeElapsed":154,"timestamp":"2026-05-14T03:32:44.813Z"}
{"level":"info","message":"⌛ Building environment","timeElapsed":168,"timestamp":"2026-05-14T03:32:44.982Z"}
{"level":"info","message":"⌛ Validating empanadas.wtest","timeElapsed":250,"timestamp":"2026-05-14T03:32:45.233Z"}
{"level":"info","message":"⌛ Building environment","timeElapsed":146,"timestamp":"2026-05-14T03:32:45.396Z"}
{"level":"info","message":"⌛ Validating empanadas.wtest","timeElapsed":180,"timestamp":"2026-05-14T03:32:45.577Z"}
{"level":"info","message":"⌛ Building environment","timeElapsed":267,"timestamp":"2026-05-14T03:32:45.846Z"}
{"level":"info","message":"⌛ Validating empanadas.wtest","timeElapsed":145,"timestamp":"2026-05-14T03:32:45.991Z"}
{"level":"info","message":"⌛ Building environment","timeElapsed":282,"timestamp":"2026-05-14T03:32:46.274Z"}
{"level":"info","message":"⌛ Building environment","timeElapsed":134,"timestamp":"2026-05-14T03:32:46.408Z"}
{"level":"info","message":"⌛ Building environment","timeElapsed":244,"timestamp":"2026-05-14T03:32:46.653Z"}
{"level":"info","message":"⌛ Validating empanadas.wtest","timeElapsed":279,"timestamp":"2026-05-14T03:32:46.933Z"}
{"level":"info","message":"⌛ Building environment","timeElapsed":237,"timestamp":"2026-05-14T03:32:47.181Z"}
{"level":"info","message":"⌛ Building environment","timeElapsed":151,"timestamp":"2026-05-14T03:32:47.341Z"}
{"level":"info","message":"⌛ Building environment","timeElapsed":105,"timestamp":"2026-05-14T03:32:47.487Z"}
{"level":"info","message":"⌛ Validating empanadas.wtest","timeElapsed":262,"timestamp":"2026-05-14T03:32:47.770Z"}
{"level":"info","message":"⌛ Building environment","timeElapsed":195,"timestamp":"2026-05-14T03:32:48.034Z"}
{"level":"info","message":"⌛ Validating empanadas.wtest","timeElapsed":299,"timestamp":"2026-05-14T03:32:48.342Z"}
{"level":"info","message":"⌛ Building environment","timeElapsed":149,"timestamp":"2026-05-14T03:32:48.491Z"}
{"level":"info","message":"⌛ Validating empanadas.wtest","timeElapsed":214,"timestamp":"2026-05-14T03:32:48.710Z"}
{"level":"info","message":"⌛ Building environment","timeElapsed":244,"timestamp":"2026-05-14T03:32:48.955Z"}
{"level":"info","message":"⌛ Validating empanadas.wtest","timeElapsed":215,"timestamp":"2026-05-14T03:32:49.172Z"}
{"level":"info","message":"⌛ Building environment","timeElapsed":192,"timestamp":"2026-05-14T03:32:49.387Z"}
{"level":"info","message":"⌛ Building environment","timeElapsed":118,"timestamp":"2026-05-14T03:32:49.505Z"}
{"level":"info","message":"⌛ Validating empanadas.wtest","timeElapsed":213,"timestamp":"2026-05-14T03:32:49.719Z"}
{"level":"info","message":"⌛ Building environment","timeElapsed":130,"timestamp":"2026-05-14T03:32:49.850Z"}
{"level":"info","message":"⌛ Building environment","timeElapsed":330,"timestamp":"2026-05-14T03:32:50.190Z"}
{"level":"info","message":"⌛ Validating empanadas.wtest","timeElapsed":175,"timestamp":"2026-05-14T03:32:50.384Z"}
{"level":"info","message":"⌛ Validating empanadas.wtest","timeElapsed":189,"timestamp":"2026-05-14T03:32:50.574Z"}
{"level":"info","message":"⌛ Building environment","timeElapsed":248,"timestamp":"2026-05-14T03:32:50.823Z"}
{"level":"info","message":"⌛ Building environment","timeElapsed":109,"timestamp":"2026-05-14T03:32:50.933Z"}
{"level":"info","message":"⌛ Building environment","timeElapsed":148,"timestamp":"2026-05-14T03:32:51.082Z"}
{"level":"info","message":"⌛ Building environment","timeElapsed":311,"timestamp":"2026-05-14T03:32:51.395Z"}
{"level":"info","message":"⌛ Validating empanadas.wtest","timeElapsed":287,"timestamp":"2026-05-14T03:32:51.682Z"}
{"level":"info","message":"⌛ Building environment","timeElapsed":268,"timestamp":"2026-05-14T03:32:51.952Z"}
{"level":"info","message":"⌛ Building environment","timeElapsed":137,"timestamp":"2026-05-14T03:32:52.091Z"}
{"level":"info","message":"⌛ Validating empanadas.wtest","timeElapsed":444,"timestamp":"2026-05-14T03:32:52.536Z"}
{"level":"info","message":"⌛ Building environment","timeElapsed":419,"timestamp":"2026-05-14T03:32:52.957Z"}
{"level":"info","message":"⌛ Building environment","timeElapsed":281,"timestamp":"2026-05-14T03:32:53.240Z"}
{"level":"info","message":"⌛ Building environment","timeElapsed":146,"timestamp":"2026-05-14T03:32:53.387Z"}
{"level":"info","message":"⌛ Validating empanadas.wtest","timeElapsed":178,"timestamp":"2026-05-14T03:32:53.566Z"}
{"level":"info","message":"⌛ Building environment","timeElapsed":184,"timestamp":"2026-05-14T03:32:53.760Z"}
{"level":"info","message":"⌛ Building environment","timeElapsed":155,"timestamp":"2026-05-14T03:32:53.925Z"}
{"level":"info","message":"⌛ Validating empanadas.wtest","timeElapsed":225,"timestamp":"2026-05-14T03:32:54.244Z"}
{"level":"info","message":"⌛ Validating empanadas.wtest","timeElapsed":352,"timestamp":"2026-05-14T03:32:54.598Z"}
{"level":"info","message":"⌛ Building environment","timeElapsed":118,"timestamp":"2026-05-14T03:32:54.720Z"}
{"level":"info","message":"⌛ Building environment","timeElapsed":219,"timestamp":"2026-05-14T03:32:54.940Z"}
{"level":"info","message":"⌛ Building environment","timeElapsed":129,"timestamp":"2026-05-14T03:32:55.069Z"}
{"level":"info","message":"⌛ Validating empanadas.wtest","timeElapsed":335,"timestamp":"2026-05-14T03:32:55.405Z"}
{"level":"info","message":"⌛ Building environment","timeElapsed":150,"timestamp":"2026-05-14T03:32:55.556Z"}
{"level":"info","message":"⌛ Building environment","timeElapsed":147,"timestamp":"2026-05-14T03:32:55.705Z"}
{"level":"info","message":"⌛ Validating empanadas.wtest","timeElapsed":305,"timestamp":"2026-05-14T03:32:56.011Z"}
{"level":"info","message":"⌛ Building environment","timeElapsed":108,"timestamp":"2026-05-14T03:32:56.124Z"}
{"level":"info","message":"⌛ Building environment","timeElapsed":666,"timestamp":"2026-05-14T03:32:56.804Z"}
{"level":"info","message":"⌛ Building environment","timeElapsed":344,"timestamp":"2026-05-14T03:32:57.189Z"}
{"level":"info","message":"⌛ Building environment","timeElapsed":300,"timestamp":"2026-05-14T03:32:57.505Z"}
{"level":"info","message":"⌛ Validating empanadas.wtest","timeElapsed":293,"timestamp":"2026-05-14T03:32:57.845Z"}
{"level":"info","message":"⌛ Validating empanadas.wtest","timeElapsed":448,"timestamp":"2026-05-14T03:32:58.294Z"}
{"level":"info","message":"⌛ Building environment","timeElapsed":153,"timestamp":"2026-05-14T03:32:58.448Z"}
{"level":"info","message":"⌛ Building environment","timeElapsed":412,"timestamp":"2026-05-14T03:32:58.862Z"}
{"level":"info","message":"⌛ Validating empanadas.wtest","timeElapsed":487,"timestamp":"2026-05-14T03:32:59.354Z"}
{"level":"info","message":"⌛ Building environment","timeElapsed":122,"timestamp":"2026-05-14T03:32:59.508Z"}
{"level":"info","message":"⌛ Validating empanadas.wtest","timeElapsed":242,"timestamp":"2026-05-14T03:32:59.779Z"}
{"level":"info","message":"⌛ Building environment","timeElapsed":677,"timestamp":"2026-05-14T03:33:00.507Z"}
{"level":"info","message":"⌛ Building environment","timeElapsed":223,"timestamp":"2026-05-14T03:33:00.740Z"}
{"level":"info","message":"⌛ Building environment","timeElapsed":195,"timestamp":"2026-05-14T03:33:00.937Z"}
{"level":"info","message":"⌛ Building environment","timeElapsed":175,"timestamp":"2026-05-14T03:33:01.115Z"}
{"level":"info","message":"⌛ Building environment","timeElapsed":355,"timestamp":"2026-05-14T03:33:01.473Z"}
{"level":"info","message":"⌛ Validating empanadas.wtest","timeElapsed":294,"timestamp":"2026-05-14T03:33:01.768Z"}
{"level":"info","message":"⌛ Validating empanadas.wtest","timeElapsed":220,"timestamp":"2026-05-14T03:33:01.991Z"}
{"level":"info","message":"⌛ Building environment","timeElapsed":176,"timestamp":"2026-05-14T03:33:02.169Z"}
{"level":"info","message":"⌛ Building environment","timeElapsed":163,"timestamp":"2026-05-14T03:33:02.334Z"}
{"level":"info","message":"⌛ Building environment","timeElapsed":138,"timestamp":"2026-05-14T03:33:02.473Z"}
{"level":"info","message":"⌛ Building environment","timeElapsed":374,"timestamp":"2026-05-14T03:33:02.849Z"}
{"level":"info","message":"⌛ Building environment","timeElapsed":270,"timestamp":"2026-05-14T03:33:03.248Z"}
{"level":"info","message":"⌛ Validating empanadas.wtest","timeElapsed":371,"timestamp":"2026-05-14T03:33:03.698Z"}
{"level":"info","message":"⌛ Building environment","timeElapsed":242,"timestamp":"2026-05-14T03:33:03.944Z"}
{"level":"info","message":"⌛ Building environment","timeElapsed":108,"timestamp":"2026-05-14T03:33:04.065Z"}
{"level":"info","message":"⌛ Building environment","timeElapsed":254,"timestamp":"2026-05-14T03:33:04.320Z"}
{"level":"info","message":"⌛ Validating empanadas.wtest","timeElapsed":249,"timestamp":"2026-05-14T03:33:04.570Z"}
{"level":"info","message":"⌛ Building environment","timeElapsed":192,"timestamp":"2026-05-14T03:33:04.763Z"}
{"level":"info","message":"⌛ Validating empanadas.wtest","timeElapsed":337,"timestamp":"2026-05-14T03:33:05.101Z"}
{"level":"info","message":"⌛ Building environment","timeElapsed":116,"timestamp":"2026-05-14T03:33:05.218Z"}
{"level":"info","message":"⌛ Building environment","timeElapsed":281,"timestamp":"2026-05-14T03:33:05.500Z"}
{"level":"info","message":"⌛ Building environment","timeElapsed":385,"timestamp":"2026-05-14T03:33:05.886Z"}
{"level":"info","message":"⌛ Validating empanadas.wtest","timeElapsed":292,"timestamp":"2026-05-14T03:33:06.188Z"}
{"level":"info","message":"⌛ Building environment","timeElapsed":115,"timestamp":"2026-05-14T03:33:06.304Z"}
{"level":"info","message":"⌛ Building environment","timeElapsed":274,"timestamp":"2026-05-14T03:33:06.581Z"}
{"level":"info","message":"⌛ Validating empanadas.wtest","timeElapsed":269,"timestamp":"2026-05-14T03:33:06.853Z"}
{"level":"info","message":"⌛ Building environment","timeElapsed":567,"timestamp":"2026-05-14T03:33:07.422Z"}
{"level":"info","message":"⌛ Building environment","timeElapsed":852,"timestamp":"2026-05-14T03:33:08.287Z"}
{"level":"info","message":"⌛ Building environment","timeElapsed":626,"timestamp":"2026-05-14T03:33:08.956Z"}
{"level":"info","message":"⌛ Building environment","timeElapsed":498,"timestamp":"2026-05-14T03:33:09.471Z"}
{"level":"info","message":"⌛ Validating empanadas.wtest","timeElapsed":278,"timestamp":"2026-05-14T03:33:09.769Z"}
{"level":"info","message":"⌛ Building environment","timeElapsed":292,"timestamp":"2026-05-14T03:33:10.061Z"}
{"level":"info","message":"⌛ Building environment","timeElapsed":118,"timestamp":"2026-05-14T03:33:10.181Z"}
{"level":"info","message":"⌛ Validating empanadas.wtest","timeElapsed":368,"timestamp":"2026-05-14T03:33:10.549Z"}
{"level":"info","message":"⌛ Building environment","timeElapsed":119,"timestamp":"2026-05-14T03:33:10.670Z"}
{"level":"info","message":"⌛ Validating empanadas.wtest","timeElapsed":265,"timestamp":"2026-05-14T03:33:10.989Z"}
{"level":"info","message":"⌛ Building environment","timeElapsed":378,"timestamp":"2026-05-14T03:33:11.368Z"}
{"level":"info","message":"⌛ Building environment","timeElapsed":390,"timestamp":"2026-05-14T03:33:11.761Z"}
{"level":"info","message":"⌛ Building environment","timeElapsed":427,"timestamp":"2026-05-14T03:33:12.190Z"}
{"level":"info","message":"⌛ Building environment","timeElapsed":358,"timestamp":"2026-05-14T03:33:12.548Z"}
{"level":"info","message":"⌛ Validating empanadas.wtest","timeElapsed":178,"timestamp":"2026-05-14T03:33:12.726Z"}
{"level":"info","message":"⌛ Building environment","timeElapsed":519,"timestamp":"2026-05-14T03:33:13.246Z"}
{"level":"info","message":"⌛ Validating empanadas.wtest","timeElapsed":334,"timestamp":"2026-05-14T03:33:13.580Z"}
{"level":"info","message":"⌛ Building environment","timeElapsed":280,"timestamp":"2026-05-14T03:33:13.861Z"}
{"level":"info","message":"⌛ Building environment","timeElapsed":373,"timestamp":"2026-05-14T03:33:14.235Z"}
{"level":"info","message":"⌛ Validating empanadas.wtest","timeElapsed":170,"timestamp":"2026-05-14T03:33:14.406Z"}
{"level":"info","message":"⌛ Validating empanadas.wtest","timeElapsed":334,"timestamp":"2026-05-14T03:33:14.750Z"}
{"level":"info","message":"⌛ Validating empanadas.wtest","timeElapsed":263,"timestamp":"2026-05-14T03:33:15.017Z"}
{"level":"info","message":"⌛ Validating empanadas.wtest","timeElapsed":275,"timestamp":"2026-05-14T03:33:15.297Z"}
{"level":"info","message":"⌛ Validating empanadas.wtest","timeElapsed":198,"timestamp":"2026-05-14T03:33:15.502Z"}
{"level":"info","message":"⌛ Validating empanadas.wtest","timeElapsed":317,"timestamp":"2026-05-14T03:33:15.820Z"}
{"level":"info","message":"⌛ Building environment","timeElapsed":317,"timestamp":"2026-05-14T03:33:16.137Z"}
{"level":"info","message":"⌛ Validating empanadas.wtest","timeElapsed":133,"timestamp":"2026-05-14T03:33:16.288Z"}
{"level":"info","message":"⌛ Validating empanadas.wtest","timeElapsed":386,"timestamp":"2026-05-14T03:33:16.681Z"}
{"level":"info","message":"⌛ Validating empanadas.wtest","timeElapsed":204,"timestamp":"2026-05-14T03:33:16.885Z"}
{"level":"info","message":"⌛ Validating empanadas.wtest","timeElapsed":421,"timestamp":"2026-05-14T03:33:17.310Z"}
{"level":"info","message":"⌛ Validating empanadas.wtest","timeElapsed":314,"timestamp":"2026-05-14T03:33:17.627Z"}
{"level":"info","message":"⌛ Validating empanadas.wtest","timeElapsed":190,"timestamp":"2026-05-14T03:33:17.818Z"}
{"level":"info","message":"⌛ Validating empanadas.wtest","timeElapsed":317,"timestamp":"2026-05-14T03:33:18.136Z"}
{"level":"info","message":"⌛ Validating empanadas.wtest","timeElapsed":245,"timestamp":"2026-05-14T03:33:18.385Z"}
{"level":"info","message":"⌛ Validating empanadas.wtest","timeElapsed":249,"timestamp":"2026-05-14T03:33:18.635Z"}
{"level":"info","message":"⌛ Validating empanadas.wtest","timeElapsed":222,"timestamp":"2026-05-14T03:33:18.858Z"}
{"level":"info","message":"⌛ Validating empanadas.wtest","timeElapsed":135,"timestamp":"2026-05-14T03:33:18.995Z"}
{"level":"info","message":"⌛ Validating empanadas.wtest","timeElapsed":309,"timestamp":"2026-05-14T03:33:19.305Z"}
{"level":"info","message":"⌛ Validating empanadas.wtest","timeElapsed":156,"timestamp":"2026-05-14T03:33:19.461Z"}
{"level":"info","message":"⌛ Validating empanadas.wtest","timeElapsed":211,"timestamp":"2026-05-14T03:33:19.681Z"}
{"level":"info","message":"⌛ Validating empanadas.wtest","timeElapsed":288,"timestamp":"2026-05-14T03:33:19.972Z"}
{"level":"info","message":"⌛ Validating empanadas.wtest","timeElapsed":201,"timestamp":"2026-05-14T03:33:20.178Z"}
{"level":"info","message":"⌛ Building environment","timeElapsed":214,"timestamp":"2026-05-14T03:33:20.398Z"}
{"level":"info","message":"⌛ Validating empanadas.wtest","timeElapsed":193,"timestamp":"2026-05-14T03:33:20.614Z"}
{"level":"info","message":"⌛ Validating empanadas.wtest","timeElapsed":241,"timestamp":"2026-05-14T03:33:20.867Z"}
{"level":"info","message":"⌛ Validating empanadas.wtest","timeElapsed":159,"timestamp":"2026-05-14T03:33:21.028Z"}
{"level":"info","message":"⌛ Validating empanadas.wtest","timeElapsed":200,"timestamp":"2026-05-14T03:33:21.229Z"}
{"level":"info","message":"⌛ Validating empanadas.wtest","timeElapsed":152,"timestamp":"2026-05-14T03:33:21.381Z"}
{"level":"info","message":"⌛ Validating empanadas.wtest","timeElapsed":367,"timestamp":"2026-05-14T03:33:21.779Z"}
{"level":"info","message":"⌛ Validating empanadas.wtest","timeElapsed":170,"timestamp":"2026-05-14T03:33:21.951Z"}
{"level":"info","message":"⌛ Validating empanadas.wtest","timeElapsed":323,"timestamp":"2026-05-14T03:33:22.275Z"}
{"level":"info","message":"⌛ Building environment","timeElapsed":315,"timestamp":"2026-05-14T03:33:22.594Z"}
{"level":"info","message":"⌛ Autocomplete - Reference","timeElapsed":175,"timestamp":"2026-05-14T03:33:22.799Z"}
{"level":"info","message":"⌛ Validating empanadas.wtest","timeElapsed":170,"timestamp":"2026-05-14T03:33:23.008Z"}
{"level":"info","message":"⌛ Building environment","timeElapsed":174,"timestamp":"2026-05-14T03:33:23.187Z"}
{"level":"info","message":"⌛ Building environment","timeElapsed":249,"timestamp":"2026-05-14T03:33:23.438Z"}
{"level":"info","message":"⌛ Building environment","timeElapsed":276,"timestamp":"2026-05-14T03:33:23.714Z"}
{"level":"info","message":"⌛ Building environment","timeElapsed":231,"timestamp":"2026-05-14T03:33:23.946Z"}
{"level":"info","message":"⌛ Building environment","timeElapsed":183,"timestamp":"2026-05-14T03:33:24.132Z"}
{"level":"info","message":"⌛ Validating empanadas.wtest","timeElapsed":170,"timestamp":"2026-05-14T03:33:24.303Z"}
{"level":"info","message":"⌛ Validating empanadas.wtest","timeElapsed":269,"timestamp":"2026-05-14T03:33:24.572Z"}
{"level":"info","message":"⌛ Building environment","timeElapsed":171,"timestamp":"2026-05-14T03:33:24.754Z"}
{"level":"info","message":"⌛ Validating empanadas.wtest","timeElapsed":417,"timestamp":"2026-05-14T03:33:25.173Z"}
{"level":"info","message":"⌛ Validating empanadas.wtest","timeElapsed":248,"timestamp":"2026-05-14T03:33:25.440Z"}
{"level":"info","message":"⌛ Validating empanadas.wtest","timeElapsed":255,"timestamp":"2026-05-14T03:33:25.697Z"}
{"level":"info","message":"⌛ Building environment","timeElapsed":116,"timestamp":"2026-05-14T03:33:25.815Z"}
{"level":"info","message":"⌛ Validating empanadas.wtest","timeElapsed":320,"timestamp":"2026-05-14T03:33:26.142Z"}
{"level":"info","message":"⌛ Building environment","timeElapsed":356,"timestamp":"2026-05-14T03:33:26.501Z"}
{"level":"info","message":"⌛ Building environment","timeElapsed":316,"timestamp":"2026-05-14T03:33:26.818Z"}
{"level":"info","message":"⌛ Validating empanadas.wtest","timeElapsed":240,"timestamp":"2026-05-14T03:33:27.060Z"}
{"level":"info","message":"⌛ Building environment","timeElapsed":154,"timestamp":"2026-05-14T03:33:27.216Z"}
{"level":"info","message":"⌛ Building environment","timeElapsed":221,"timestamp":"2026-05-14T03:33:27.438Z"}
{"level":"info","message":"⌛ Building environment","timeElapsed":337,"timestamp":"2026-05-14T03:33:27.789Z"}
{"level":"info","message":"⌛ Validating empanadas.wtest","timeElapsed":199,"timestamp":"2026-05-14T03:33:27.995Z"}
{"level":"info","message":"⌛ Building environment","timeElapsed":175,"timestamp":"2026-05-14T03:33:28.170Z"}
{"level":"info","message":"⌛ Building environment","timeElapsed":396,"timestamp":"2026-05-14T03:33:28.616Z"}
{"level":"info","message":"⌛ Building environment","timeElapsed":662,"timestamp":"2026-05-14T03:33:29.280Z"}
{"level":"info","message":"⌛ Validating empanadas.wtest","timeElapsed":201,"timestamp":"2026-05-14T03:33:29.482Z"}
{"level":"info","message":"⌛ Building environment","timeElapsed":294,"timestamp":"2026-05-14T03:33:29.785Z"}
{"level":"info","message":"⌛ Building environment","timeElapsed":242,"timestamp":"2026-05-14T03:33:30.028Z"}
{"level":"info","message":"⌛ Building environment","timeElapsed":194,"timestamp":"2026-05-14T03:33:30.224Z"}
{"level":"info","message":"⌛ Validating empanadas.wtest","timeElapsed":171,"timestamp":"2026-05-14T03:33:30.396Z"}
{"level":"info","message":"⌛ Building environment","timeElapsed":379,"timestamp":"2026-05-14T03:33:30.775Z"}
{"level":"info","message":"⌛ Building environment","timeElapsed":302,"timestamp":"2026-05-14T03:33:31.079Z"}
{"level":"info","message":"⌛ Building environment","timeElapsed":203,"timestamp":"2026-05-14T03:33:31.290Z"}
{"level":"info","message":"⌛ Building environment","timeElapsed":141,"timestamp":"2026-05-14T03:33:31.448Z"}
{"level":"info","message":"⌛ Building environment","timeElapsed":233,"timestamp":"2026-05-14T03:33:31.682Z"}
{"level":"info","message":"⌛ Building environment","timeElapsed":140,"timestamp":"2026-05-14T03:33:31.823Z"}
{"level":"info","message":"⌛ Building environment","timeElapsed":127,"timestamp":"2026-05-14T03:33:31.956Z"}
{"level":"info","message":"⌛ Building environment","timeElapsed":201,"timestamp":"2026-05-14T03:33:32.165Z"}
{"level":"info","message":"⌛ Validating empanadas.wtest","timeElapsed":220,"timestamp":"2026-05-14T03:33:32.399Z"}
{"level":"info","message":"⌛ Building environment","timeElapsed":131,"timestamp":"2026-05-14T03:33:32.544Z"}
{"level":"info","message":"⌛ Building environment","timeElapsed":144,"timestamp":"2026-05-14T03:33:32.702Z"}
{"level":"info","message":"⌛ Autocomplete - Reference","timeElapsed":103,"timestamp":"2026-05-14T03:33:32.830Z"}
{"level":"info","message":"⌛ Building environment","timeElapsed":361,"timestamp":"2026-05-14T03:33:33.193Z"}
{"level":"info","message":"⌛ Building environment","timeElapsed":282,"timestamp":"2026-05-14T03:33:33.479Z"}
{"level":"info","message":"⌛ Building environment","timeElapsed":146,"timestamp":"2026-05-14T03:33:33.685Z"}
{"level":"info","message":"⌛ Building environment","timeElapsed":751,"timestamp":"2026-05-14T03:33:34.478Z"}
{"level":"info","message":"⌛ Building environment","timeElapsed":299,"timestamp":"2026-05-14T03:33:34.778Z"}
{"level":"info","message":"⌛ Building environment","timeElapsed":263,"timestamp":"2026-05-14T03:33:35.043Z"}
{"level":"info","message":"⌛ Building environment","timeElapsed":221,"timestamp":"2026-05-14T03:33:35.264Z"}
{"level":"info","message":"⌛ Building environment","timeElapsed":175,"timestamp":"2026-05-14T03:33:35.446Z"}
{"level":"info","message":"⌛ Building environment","timeElapsed":191,"timestamp":"2026-05-14T03:33:35.638Z"}
{"level":"info","message":"⌛ Building environment","timeElapsed":140,"timestamp":"2026-05-14T03:33:35.813Z"}
{"level":"info","message":"⌛ Building environment","timeElapsed":271,"timestamp":"2026-05-14T03:33:36.111Z"}
{"level":"info","message":"⌛ Building environment","timeElapsed":332,"timestamp":"2026-05-14T03:33:36.566Z"}
{"level":"info","message":"⌛ Validating empanadas.wtest","timeElapsed":281,"timestamp":"2026-05-14T03:33:36.848Z"}
{"level":"info","message":"⌛ Building environment","timeElapsed":107,"timestamp":"2026-05-14T03:33:36.956Z"}
{"level":"info","message":"⌛ Building environment","timeElapsed":267,"timestamp":"2026-05-14T03:33:37.225Z"}
{"level":"info","message":"⌛ Building environment","timeElapsed":265,"timestamp":"2026-05-14T03:33:37.540Z"}
{"level":"info","message":"⌛ Building environment","timeElapsed":382,"timestamp":"2026-05-14T03:33:37.927Z"}
{"level":"info","message":"⌛ Building environment","timeElapsed":154,"timestamp":"2026-05-14T03:33:38.083Z"}
{"level":"info","message":"⌛ Building environment","timeElapsed":141,"timestamp":"2026-05-14T03:33:38.228Z"}
{"level":"info","message":"⌛ Building environment","timeElapsed":298,"timestamp":"2026-05-14T03:33:38.540Z"}
{"level":"info","message":"⌛ Building environment","timeElapsed":408,"timestamp":"2026-05-14T03:33:38.949Z"}
{"level":"info","message":"⌛ Building environment","timeElapsed":274,"timestamp":"2026-05-14T03:33:39.223Z"}
{"level":"info","message":"⌛ Building environment","timeElapsed":245,"timestamp":"2026-05-14T03:33:39.470Z"}
{"level":"info","message":"⌛ Validating empanadas.wtest","timeElapsed":207,"timestamp":"2026-05-14T03:33:39.697Z"}
{"level":"info","message":"⌛ Building environment","timeElapsed":324,"timestamp":"2026-05-14T03:33:40.022Z"}
{"level":"info","message":"⌛ Building environment","timeElapsed":147,"timestamp":"2026-05-14T03:33:40.171Z"}
{"level":"info","message":"⌛ Validating empanadas.wtest","timeElapsed":348,"timestamp":"2026-05-14T03:33:40.544Z"}
{"level":"info","message":"⌛ Validating empanadas.wtest","timeElapsed":552,"timestamp":"2026-05-14T03:33:41.111Z"}
{"level":"info","message":"⌛ Building environment","timeElapsed":176,"timestamp":"2026-05-14T03:33:41.291Z"}
{"level":"info","message":"⌛ Validating empanadas.wtest","timeElapsed":246,"timestamp":"2026-05-14T03:33:41.539Z"}
{"level":"info","message":"⌛ Validating empanadas.wtest","timeElapsed":138,"timestamp":"2026-05-14T03:33:41.687Z"}
{"level":"info","message":"⌛ Validating empanadas.wtest","timeElapsed":139,"timestamp":"2026-05-14T03:33:41.827Z"}
{"level":"info","message":"⌛ Validating empanadas.wtest","timeElapsed":366,"timestamp":"2026-05-14T03:33:42.193Z"}
{"level":"info","message":"⌛ Validating empanadas.wtest","timeElapsed":367,"timestamp":"2026-05-14T03:33:42.566Z"}
{"level":"info","message":"⌛ Validating empanadas.wtest","timeElapsed":138,"timestamp":"2026-05-14T03:33:42.704Z"}
{"level":"info","message":"⌛ Validating empanadas.wtest","timeElapsed":324,"timestamp":"2026-05-14T03:33:43.029Z"}
{"level":"info","message":"⌛ Building environment","timeElapsed":125,"timestamp":"2026-05-14T03:33:43.154Z"}
{"level":"info","message":"⌛ Building environment","timeElapsed":385,"timestamp":"2026-05-14T03:33:43.611Z"}
{"level":"info","message":"⌛ Validating empanadas.wtest","timeElapsed":260,"timestamp":"2026-05-14T03:33:43.898Z"}
{"level":"info","message":"⌛ Building environment","timeElapsed":263,"timestamp":"2026-05-14T03:33:44.162Z"}
{"level":"info","message":"⌛ Validating empanadas.wtest","timeElapsed":349,"timestamp":"2026-05-14T03:33:44.511Z"}
{"level":"info","message":"⌛ Building environment","timeElapsed":428,"timestamp":"2026-05-14T03:33:44.956Z"}
{"level":"info","message":"⌛ Building environment","timeElapsed":196,"timestamp":"2026-05-14T03:33:45.171Z"}
{"level":"info","message":"⌛ Validating empanadas.wtest","timeElapsed":468,"timestamp":"2026-05-14T03:33:45.650Z"}
{"level":"info","message":"⌛ Building environment","timeElapsed":324,"timestamp":"2026-05-14T03:33:45.976Z"}
{"level":"info","message":"⌛ Building environment","timeElapsed":174,"timestamp":"2026-05-14T03:33:46.152Z"}
{"level":"info","message":"⌛ Building environment","timeElapsed":158,"timestamp":"2026-05-14T03:33:46.312Z"}
{"level":"info","message":"⌛ Validating empanadas.wtest","timeElapsed":515,"timestamp":"2026-05-14T03:33:46.827Z"}
{"level":"info","message":"⌛ Validating empanadas.wtest","timeElapsed":211,"timestamp":"2026-05-14T03:33:47.089Z"}
{"level":"info","message":"⌛ Building environment","timeElapsed":269,"timestamp":"2026-05-14T03:33:47.360Z"}
{"level":"info","message":"⌛ Building environment","timeElapsed":333,"timestamp":"2026-05-14T03:33:47.696Z"}
{"level":"info","message":"⌛ Building environment","timeElapsed":285,"timestamp":"2026-05-14T03:33:47.983Z"}
{"level":"info","message":"⌛ Building environment","timeElapsed":174,"timestamp":"2026-05-14T03:33:48.162Z"}
{"level":"info","message":"⌛ Validating empanadas.wtest","timeElapsed":326,"timestamp":"2026-05-14T03:33:48.490Z"}
{"level":"info","message":"⌛ Building environment","timeElapsed":830,"timestamp":"2026-05-14T03:33:49.323Z"}
{"level":"info","message":"⌛ Building environment","timeElapsed":399,"timestamp":"2026-05-14T03:33:49.723Z"}
{"level":"info","message":"⌛ Building environment","timeElapsed":123,"timestamp":"2026-05-14T03:33:49.849Z"}
{"level":"info","message":"⌛ Validating empanadas.wtest","timeElapsed":299,"timestamp":"2026-05-14T03:33:50.148Z"}
{"level":"info","message":"⌛ Building environment","timeElapsed":194,"timestamp":"2026-05-14T03:33:50.344Z"}
{"level":"info","message":"⌛ Building environment","timeElapsed":198,"timestamp":"2026-05-14T03:33:50.544Z"}
{"level":"info","message":"⌛ Validating empanadas.wtest","timeElapsed":484,"timestamp":"2026-05-14T03:33:51.030Z"}
{"level":"info","message":"⌛ Building environment","timeElapsed":228,"timestamp":"2026-05-14T03:33:51.265Z"}
{"level":"info","message":"⌛ Validating empanadas.wtest","timeElapsed":356,"timestamp":"2026-05-14T03:33:51.622Z"}
{"level":"info","message":"⌛ Building environment","timeElapsed":190,"timestamp":"2026-05-14T03:33:51.814Z"}
{"level":"info","message":"⌛ Building environment","timeElapsed":375,"timestamp":"2026-05-14T03:33:52.223Z"}
{"level":"info","message":"⌛ Autocomplete - Reference","timeElapsed":108,"timestamp":"2026-05-14T03:33:52.359Z"}
{"level":"info","message":"⌛ Validating empanadas.wtest","timeElapsed":262,"timestamp":"2026-05-14T03:33:52.627Z"}
{"level":"info","message":"⌛ Building environment","timeElapsed":146,"timestamp":"2026-05-14T03:33:52.801Z"}
{"level":"info","message":"⌛ Building environment","timeElapsed":577,"timestamp":"2026-05-14T03:33:53.380Z"}
{"level":"info","message":"⌛ Validating empanadas.wtest","timeElapsed":370,"timestamp":"2026-05-14T03:33:53.753Z"}
{"level":"info","message":"⌛ Building environment","timeElapsed":162,"timestamp":"2026-05-14T03:33:53.917Z"}
{"level":"info","message":"⌛ Validating empanadas.wtest","timeElapsed":549,"timestamp":"2026-05-14T03:33:54.469Z"}
{"level":"info","message":"⌛ Building environment","timeElapsed":142,"timestamp":"2026-05-14T03:33:54.612Z"}
{"level":"info","message":"⌛ Validating empanadas.wtest","timeElapsed":129,"timestamp":"2026-05-14T03:33:54.752Z"}
{"level":"info","message":"⌛ Building environment","timeElapsed":244,"timestamp":"2026-05-14T03:33:54.996Z"}
{"level":"info","message":"⌛ Validating empanadas.wtest","timeElapsed":137,"timestamp":"2026-05-14T03:33:55.134Z"}
{"level":"info","message":"⌛ Building environment","timeElapsed":292,"timestamp":"2026-05-14T03:33:55.428Z"}
{"level":"info","message":"⌛ Validating empanadas.wtest","timeElapsed":225,"timestamp":"2026-05-14T03:33:55.664Z"}
{"level":"info","message":"⌛ Building environment","timeElapsed":183,"timestamp":"2026-05-14T03:33:55.852Z"}
{"level":"info","message":"⌛ Validating empanadas.wtest","timeElapsed":386,"timestamp":"2026-05-14T03:33:56.239Z"}
{"level":"info","message":"⌛ Validating empanadas.wtest","timeElapsed":409,"timestamp":"2026-05-14T03:33:56.655Z"}
{"level":"info","message":"⌛ Building environment","timeElapsed":1904,"timestamp":"2026-05-14T03:33:58.560Z"}
{"level":"info","message":"⌛ Building environment","timeElapsed":144,"timestamp":"2026-05-14T03:33:58.706Z"}
{"level":"info","message":"⌛ Building environment","timeElapsed":166,"timestamp":"2026-05-14T03:33:58.875Z"}
{"level":"info","message":"⌛ Validating empanadas.wtest","timeElapsed":598,"timestamp":"2026-05-14T03:33:59.475Z"}
{"level":"info","message":"⌛ Building environment","timeElapsed":261,"timestamp":"2026-05-14T03:33:59.744Z"}
{"level":"info","message":"⌛ Validating empanadas.wtest","timeElapsed":476,"timestamp":"2026-05-14T03:34:00.225Z"}
{"level":"info","message":"⌛ Building environment","timeElapsed":376,"timestamp":"2026-05-14T03:34:00.631Z"}
{"level":"info","message":"⌛ Building environment","timeElapsed":211,"timestamp":"2026-05-14T03:34:00.849Z"}
{"level":"info","message":"⌛ Validating empanadas.wtest","timeElapsed":230,"timestamp":"2026-05-14T03:34:01.093Z"}
{"level":"info","message":"⌛ Validating empanadas.wtest","timeElapsed":333,"timestamp":"2026-05-14T03:34:01.443Z"}
{"level":"info","message":"⌛ Validating empanadas.wtest","timeElapsed":211,"timestamp":"2026-05-14T03:34:01.664Z"}
{"level":"info","message":"⌛ Validating empanadas.wtest","timeElapsed":220,"timestamp":"2026-05-14T03:34:01.893Z"}
{"level":"info","message":"⌛ Validating empanadas.wtest","timeElapsed":202,"timestamp":"2026-05-14T03:34:02.096Z"}
{"level":"info","message":"⌛ Validating empanadas.wtest","timeElapsed":218,"timestamp":"2026-05-14T03:34:02.332Z"}
{"level":"info","message":"⌛ Validating empanadas.wtest","timeElapsed":205,"timestamp":"2026-05-14T03:34:02.542Z"}
{"level":"info","message":"⌛ Validating empanadas.wtest","timeElapsed":188,"timestamp":"2026-05-14T03:34:02.732Z"}
{"level":"info","message":"⌛ Validating empanadas.wtest","timeElapsed":233,"timestamp":"2026-05-14T03:34:02.971Z"}
{"level":"info","message":"⌛ Validating empanadas.wtest","timeElapsed":174,"timestamp":"2026-05-14T03:34:03.149Z"}
{"level":"info","message":"⌛ Validating empanadas.wtest","timeElapsed":210,"timestamp":"2026-05-14T03:34:03.361Z"}
{"level":"info","message":"⌛ Validating empanadas.wtest","timeElapsed":195,"timestamp":"2026-05-14T03:34:03.556Z"}
{"level":"info","message":"⌛ Validating empanadas.wtest","timeElapsed":201,"timestamp":"2026-05-14T03:34:03.763Z"}
{"level":"info","message":"⌛ Validating empanadas.wtest","timeElapsed":193,"timestamp":"2026-05-14T03:34:03.963Z"}
{"level":"info","message":"⌛ Validating empanadas.wtest","timeElapsed":222,"timestamp":"2026-05-14T03:34:04.186Z"}
{"level":"info","message":"⌛ Validating empanadas.wtest","timeElapsed":218,"timestamp":"2026-05-14T03:34:04.415Z"}
{"level":"info","message":"⌛ Validating empanadas.wtest","timeElapsed":302,"timestamp":"2026-05-14T03:34:04.723Z"}
{"level":"info","message":"⌛ Validating empanadas.wtest","timeElapsed":226,"timestamp":"2026-05-14T03:34:04.957Z"}
{"level":"info","message":"⌛ Validating empanadas.wtest","timeElapsed":218,"timestamp":"2026-05-14T03:34:05.180Z"}
{"level":"info","message":"⌛ Validating empanadas.wtest","timeElapsed":327,"timestamp":"2026-05-14T03:34:05.535Z"}
{"level":"info","message":"⌛ Validating empanadas.wtest","timeElapsed":175,"timestamp":"2026-05-14T03:34:05.712Z"}
{"level":"info","message":"⌛ Validating empanadas.wtest","timeElapsed":176,"timestamp":"2026-05-14T03:34:05.888Z"}
{"level":"info","message":"⌛ Building environment","timeElapsed":155,"timestamp":"2026-05-14T03:34:06.043Z"}
{"level":"info","message":"⌛ Validating empanadas.wtest","timeElapsed":184,"timestamp":"2026-05-14T03:34:06.229Z"}
{"level":"info","message":"⌛ Building environment","timeElapsed":214,"timestamp":"2026-05-14T03:34:06.479Z"}
{"level":"error","message":"✘ Completions for node Send ([77:9, 77:28] - empanadas.wtest) failed: Error: [Send]{30da87} at empanadas.wtest:77 exhausted all cases without a match [Send]{30da87} at empanadas.wtest:77 exhausted all cases without a match","stack":"Error: [Send]{30da87} at empanadas.wtest:77 exhausted all cases without a match\n    at c:\\Users\\enzom\\.vscode\\extensions\\uqbar.wollok-lsp-ide-0.5.4\\out\\server\\src\\server.js:38:6142\n    at L2 (c:\\Users\\enzom\\.vscode\\extensions\\uqbar.wollok-lsp-ide-0.5.4\\out\\server\\src\\server.js:2389:42)\n    at Jh (c:\\Users\\enzom\\.vscode\\extensions\\uqbar.wollok-lsp-ide-0.5.4\\out\\server\\src\\server.js:2389:1092)\n    at M5n (c:\\Users\\enzom\\.vscode\\extensions\\uqbar.wollok-lsp-ide-0.5.4\\out\\server\\src\\server.js:2389:1248)\n    at c:\\Users\\enzom\\.vscode\\extensions\\uqbar.wollok-lsp-ide-0.5.4\\out\\server\\src\\server.js:38:6131\n    at L2 (c:\\Users\\enzom\\.vscode\\extensions\\uqbar.wollok-lsp-ide-0.5.4\\out\\server\\src\\server.js:2389:42)\n    at c:\\Users\\enzom\\.vscode\\extensions\\uqbar.wollok-lsp-ide-0.5.4\\out\\server\\src\\server.js:2389:2988\n    at c:\\Users\\enzom\\.vscode\\extensions\\uqbar.wollok-lsp-ide-0.5.4\\out\\server\\src\\server.js:2398:8440\n    at c:\\Users\\enzom\\.vscode\\extensions\\uqbar.wollok-lsp-ide-0.5.4\\out\\server\\src\\server.js:37:74872\n    at Ke (c:\\Users\\enzom\\.vscode\\extensions\\uqbar.wollok-lsp-ide-0.5.4\\out\\server\\src\\server.js:7:8527)","timestamp":"2026-05-14T03:34:06.540Z"}
{"level":"info","message":"⌛ Validating empanadas.wtest","timeElapsed":150,"timestamp":"2026-05-14T03:34:06.693Z"}
{"level":"info","message":"⌛ Building environment","timeElapsed":121,"timestamp":"2026-05-14T03:34:06.823Z"}
{"level":"error","message":"✘ Completions for node Send ([77:9, 77:27] - empanadas.wtest) failed: Error: [Send]{34cc4d} at empanadas.wtest:77 exhausted all cases without a match [Send]{34cc4d} at empanadas.wtest:77 exhausted all cases without a match","stack":"Error: [Send]{34cc4d} at empanadas.wtest:77 exhausted all cases without a match\n    at c:\\Users\\enzom\\.vscode\\extensions\\uqbar.wollok-lsp-ide-0.5.4\\out\\server\\src\\server.js:38:6142\n    at L2 (c:\\Users\\enzom\\.vscode\\extensions\\uqbar.wollok-lsp-ide-0.5.4\\out\\server\\src\\server.js:2389:42)\n    at Jh (c:\\Users\\enzom\\.vscode\\extensions\\uqbar.wollok-lsp-ide-0.5.4\\out\\server\\src\\server.js:2389:1092)\n    at M5n (c:\\Users\\enzom\\.vscode\\extensions\\uqbar.wollok-lsp-ide-0.5.4\\out\\server\\src\\server.js:2389:1248)\n    at c:\\Users\\enzom\\.vscode\\extensions\\uqbar.wollok-lsp-ide-0.5.4\\out\\server\\src\\server.js:38:6131\n    at L2 (c:\\Users\\enzom\\.vscode\\extensions\\uqbar.wollok-lsp-ide-0.5.4\\out\\server\\src\\server.js:2389:42)\n    at c:\\Users\\enzom\\.vscode\\extensions\\uqbar.wollok-lsp-ide-0.5.4\\out\\server\\src\\server.js:2389:2988\n    at c:\\Users\\enzom\\.vscode\\extensions\\uqbar.wollok-lsp-ide-0.5.4\\out\\server\\src\\server.js:2398:8440\n    at c:\\Users\\enzom\\.vscode\\extensions\\uqbar.wollok-lsp-ide-0.5.4\\out\\server\\src\\server.js:37:74872\n    at Ke (c:\\Users\\enzom\\.vscode\\extensions\\uqbar.wollok-lsp-ide-0.5.4\\out\\server\\src\\server.js:7:8527)","timestamp":"2026-05-14T03:34:06.898Z"}
{"level":"info","message":"⌛ Validating empanadas.wtest","timeElapsed":205,"timestamp":"2026-05-14T03:34:07.121Z"}
{"level":"info","message":"⌛ Building environment","timeElapsed":339,"timestamp":"2026-05-14T03:34:07.477Z"}
{"level":"info","message":"⌛ Validating empanadas.wtest","timeElapsed":259,"timestamp":"2026-05-14T03:34:07.756Z"}
{"level":"info","message":"⌛ Validating empanadas.wtest","timeElapsed":235,"timestamp":"2026-05-14T03:34:07.995Z"}
{"level":"info","message":"⌛ Validating empanadas.wtest","timeElapsed":336,"timestamp":"2026-05-14T03:34:08.334Z"}
{"level":"info","message":"⌛ Building environment","timeElapsed":260,"timestamp":"2026-05-14T03:34:08.604Z"}
{"level":"info","message":"🧪 Test runner executed on c:\\Users\\enzom\\Documents\\Github\\Mama-s-empanaderia","result":{"errored":0,"failed":0,"ok":0},"testsFailed":[],"timeElapsed":1369,"timestamp":"2026-05-14T03:34:08.679Z"}
{"level":"info","message":"⌛ Building environment","timeElapsed":358,"timestamp":"2026-05-14T03:34:08.963Z"}
{"level":"info","message":"⌛ Validating empanadas.wtest","timeElapsed":164,"timestamp":"2026-05-14T03:34:09.128Z"}
{"level":"info","message":"⌛ Validating empanadas.wtest","timeElapsed":284,"timestamp":"2026-05-14T03:34:09.424Z"}
{"level":"info","message":"⌛ Validating empanadas.wtest","timeElapsed":257,"timestamp":"2026-05-14T03:34:09.687Z"}
{"level":"info","message":"⌛ Validating empanadas.wtest","timeElapsed":181,"timestamp":"2026-05-14T03:34:09.877Z"}
{"level":"info","message":"⌛ Validating empanadas.wtest","timeElapsed":173,"timestamp":"2026-05-14T03:34:10.053Z"}
{"level":"info","message":"⌛ Validating empanadas.wtest","timeElapsed":465,"timestamp":"2026-05-14T03:34:10.526Z"}
{"level":"info","message":"⌛ Validating empanadas.wtest","timeElapsed":242,"timestamp":"2026-05-14T03:34:10.785Z"}
{"level":"info","message":"⌛ Validating empanadas.wtest","timeElapsed":260,"timestamp":"2026-05-14T03:34:11.052Z"}
{"level":"info","message":"⌛ Validating empanadas.wtest","timeElapsed":252,"timestamp":"2026-05-14T03:34:11.305Z"}
{"level":"info","message":"⌛ Validating empanadas.wtest","timeElapsed":182,"timestamp":"2026-05-14T03:34:11.513Z"}
{"level":"info","message":"⌛ Building environment","timeElapsed":127,"timestamp":"2026-05-14T03:34:11.648Z"}
{"level":"error","message":"✘ Completions for node Send ([82:23, 82:39] - empanadas.wtest) failed: Error: [Send]{741909} at empanadas.wtest:82 exhausted all cases without a match [Send]{741909} at empanadas.wtest:82 exhausted all cases without a match","stack":"Error: [Send]{741909} at empanadas.wtest:82 exhausted all cases without a match\n    at c:\\Users\\enzom\\.vscode\\extensions\\uqbar.wollok-lsp-ide-0.5.4\\out\\server\\src\\server.js:38:6142\n    at L2 (c:\\Users\\enzom\\.vscode\\extensions\\uqbar.wollok-lsp-ide-0.5.4\\out\\server\\src\\server.js:2389:42)\n    at Jh (c:\\Users\\enzom\\.vscode\\extensions\\uqbar.wollok-lsp-ide-0.5.4\\out\\server\\src\\server.js:2389:1092)\n    at M5n (c:\\Users\\enzom\\.vscode\\extensions\\uqbar.wollok-lsp-ide-0.5.4\\out\\server\\src\\server.js:2389:1248)\n    at c:\\Users\\enzom\\.vscode\\extensions\\uqbar.wollok-lsp-ide-0.5.4\\out\\server\\src\\server.js:38:6131\n    at L2 (c:\\Users\\enzom\\.vscode\\extensions\\uqbar.wollok-lsp-ide-0.5.4\\out\\server\\src\\server.js:2389:42)\n    at c:\\Users\\enzom\\.vscode\\extensions\\uqbar.wollok-lsp-ide-0.5.4\\out\\server\\src\\server.js:2389:2988\n    at c:\\Users\\enzom\\.vscode\\extensions\\uqbar.wollok-lsp-ide-0.5.4\\out\\server\\src\\server.js:2398:8440\n    at c:\\Users\\enzom\\.vscode\\extensions\\uqbar.wollok-lsp-ide-0.5.4\\out\\server\\src\\server.js:37:74872\n    at Ke (c:\\Users\\enzom\\.vscode\\extensions\\uqbar.wollok-lsp-ide-0.5.4\\out\\server\\src\\server.js:7:8527)","timestamp":"2026-05-14T03:34:11.709Z"}
{"level":"error","message":"✘ Completions for node Send ([82:5, 82:40] - empanadas.wtest) failed: Error: [Send]{e03abd} at empanadas.wtest:82 exhausted all cases without a match [Send]{e03abd} at empanadas.wtest:82 exhausted all cases without a match","stack":"Error: [Send]{e03abd} at empanadas.wtest:82 exhausted all cases without a match\n    at c:\\Users\\enzom\\.vscode\\extensions\\uqbar.wollok-lsp-ide-0.5.4\\out\\server\\src\\server.js:38:6142\n    at L2 (c:\\Users\\enzom\\.vscode\\extensions\\uqbar.wollok-lsp-ide-0.5.4\\out\\server\\src\\server.js:2389:42)\n    at Jh (c:\\Users\\enzom\\.vscode\\extensions\\uqbar.wollok-lsp-ide-0.5.4\\out\\server\\src\\server.js:2389:1092)\n    at L2 (c:\\Users\\enzom\\.vscode\\extensions\\uqbar.wollok-lsp-ide-0.5.4\\out\\server\\src\\server.js:2389:544)\n    at Jh (c:\\Users\\enzom\\.vscode\\extensions\\uqbar.wollok-lsp-ide-0.5.4\\out\\server\\src\\server.js:2389:1092)\n    at M5n (c:\\Users\\enzom\\.vscode\\extensions\\uqbar.wollok-lsp-ide-0.5.4\\out\\server\\src\\server.js:2389:1248)\n    at c:\\Users\\enzom\\.vscode\\extensions\\uqbar.wollok-lsp-ide-0.5.4\\out\\server\\src\\server.js:38:6131\n    at L2 (c:\\Users\\enzom\\.vscode\\extensions\\uqbar.wollok-lsp-ide-0.5.4\\out\\server\\src\\server.js:2389:42)\n    at c:\\Users\\enzom\\.vscode\\extensions\\uqbar.wollok-lsp-ide-0.5.4\\out\\server\\src\\server.js:2389:2988\n    at c:\\Users\\enzom\\.vscode\\extensions\\uqbar.wollok-lsp-ide-0.5.4\\out\\server\\src\\server.js:2398:8440","timestamp":"2026-05-14T03:34:11.709Z"}
{"level":"info","message":"⌛ Validating empanadas.wtest","timeElapsed":388,"timestamp":"2026-05-14T03:34:12.128Z"}
{"level":"info","message":"⌛ Validating empanadas.wtest","timeElapsed":146,"timestamp":"2026-05-14T03:34:12.275Z"}
{"level":"info","message":"⌛ Validating empanadas.wtest","timeElapsed":177,"timestamp":"2026-05-14T03:34:12.458Z"}
{"level":"info","message":"⌛ Validating empanadas.wtest","timeElapsed":441,"timestamp":"2026-05-14T03:34:12.909Z"}
{"level":"info","message":"⌛ Validating empanadas.wtest","timeElapsed":264,"timestamp":"2026-05-14T03:34:13.177Z"}
{"level":"info","message":"⌛ Validating empanadas.wtest","timeElapsed":160,"timestamp":"2026-05-14T03:34:13.341Z"}
{"level":"info","message":"⌛ Validating empanadas.wtest","timeElapsed":269,"timestamp":"2026-05-14T03:34:13.614Z"}
{"level":"info","message":"⌛ Validating empanadas.wtest","timeElapsed":279,"timestamp":"2026-05-14T03:34:13.895Z"}
{"level":"info","message":"⌛ Validating empanadas.wtest","timeElapsed":274,"timestamp":"2026-05-14T03:34:14.176Z"}
{"level":"info","message":"⌛ Validating empanadas.wtest","timeElapsed":209,"timestamp":"2026-05-14T03:34:14.385Z"}
{"level":"info","message":"⌛ Validating empanadas.wtest","timeElapsed":206,"timestamp":"2026-05-14T03:34:14.595Z"}
{"level":"info","message":"⌛ Validating empanadas.wtest","timeElapsed":275,"timestamp":"2026-05-14T03:34:14.907Z"}
{"level":"info","message":"⌛ Validating empanadas.wtest","timeElapsed":201,"timestamp":"2026-05-14T03:34:15.143Z"}
{"level":"info","message":"⌛ Validating empanadas.wtest","timeElapsed":346,"timestamp":"2026-05-14T03:34:15.495Z"}
{"level":"info","message":"⌛ Validating empanadas.wtest","timeElapsed":261,"timestamp":"2026-05-14T03:34:15.792Z"}
{"level":"info","message":"⌛ Validating empanadas.wtest","timeElapsed":480,"timestamp":"2026-05-14T03:34:16.284Z"}
{"level":"info","message":"⌛ Validating empanadas.wtest","timeElapsed":151,"timestamp":"2026-05-14T03:34:16.436Z"}
{"level":"info","message":"⌛ Validating empanadas.wtest","timeElapsed":244,"timestamp":"2026-05-14T03:34:16.680Z"}
{"level":"info","message":"⌛ Validating empanadas.wtest","timeElapsed":329,"timestamp":"2026-05-14T03:34:17.016Z"}
{"level":"info","message":"⌛ Validating empanadas.wtest","timeElapsed":441,"timestamp":"2026-05-14T03:34:17.460Z"}
{"level":"info","message":"⌛ Validating empanadas.wtest","timeElapsed":339,"timestamp":"2026-05-14T03:34:17.824Z"}
{"level":"info","message":"⌛ Validating empanadas.wtest","timeElapsed":262,"timestamp":"2026-05-14T03:34:18.089Z"}
{"level":"info","message":"⌛ Validating empanadas.wtest","timeElapsed":500,"timestamp":"2026-05-14T03:34:18.592Z"}
{"level":"info","message":"⌛ Validating empanadas.wtest","timeElapsed":214,"timestamp":"2026-05-14T03:34:18.810Z"}
{"level":"info","message":"⌛ Validating empanadas.wtest","timeElapsed":221,"timestamp":"2026-05-14T03:34:19.059Z"}
{"level":"info","message":"⌛ Validating empanadas.wtest","timeElapsed":195,"timestamp":"2026-05-14T03:34:19.255Z"}
{"level":"info","message":"⌛ Validating empanadas.wtest","timeElapsed":486,"timestamp":"2026-05-14T03:34:19.757Z"}
{"level":"info","message":"🧪 Test runner executed on c:\\Users\\enzom\\Documents\\Github\\Mama-s-empanaderia","result":{"errored":0,"failed":0,"ok":1},"testsFailed":[],"timeElapsed":1223,"timestamp":"2026-05-14T03:34:28.022Z"}
